# JRE version: Java(TM) SE Runtime Environment (14.0.1+7) (build 14.0.1+7)
# Java VM: Java HotSpot(TM) 64-Bit Server VM (14.0.1+7, mixed mode, sharing, tiered, compressed oops, parallel gc, windows-amd64)
Heap:
 PSYoungGen      total 25600K, used 5530K [0x00000000eab00000, 0x00000000ec900000, 0x0000000100000000)
  eden space 21504K, 9% used [0x00000000eab00000,0x00000000eace4e08,0x00000000ec000000)
  from space 4096K, 87% used [0x00000000ec500000,0x00000000ec881ad0,0x00000000ec900000)
  to   space 4096K, 0% used [0x00000000ec100000,0x00000000ec100000,0x00000000ec500000)
 ParOldGen       total 68608K, used 16862K [0x00000000c0000000, 0x00000000c4300000, 0x00000000eab00000)
  object space 68608K, 24% used [0x00000000c0000000,0x00000000c1077af8,0x00000000c4300000)
 Metaspace       used 42533K, capacity 44690K, committed 44888K, reserved 1089536K
  class space    used 4652K, capacity 5483K, committed 5504K, reserved 1048576K
GC Heap History (20 events):
Event: 1.862 GC heap before
{Heap before GC invocations=3 (full 0):
 PSYoungGen      total 29696K, used 29688K [0x00000000eab00000, 0x00000000ecc00000, 0x0000000100000000)
  eden space 25600K, 100% used [0x00000000eab00000,0x00000000ec400000,0x00000000ec400000)
  from space 4096K, 99% used [0x00000000ec800000,0x00000000ecbfe170,0x00000000ecc00000)
  to   space 4096K, 0% used [0x00000000ec400000,0x00000000ec400000,0x00000000ec800000)
 ParOldGen       total 68608K, used 5206K [0x00000000c0000000, 0x00000000c4300000, 0x00000000eab00000)
  object space 68608K, 7% used [0x00000000c0000000,0x00000000c0515a80,0x00000000c4300000)
 Metaspace       used 14803K, capacity 15729K, committed 16000K, reserved 1062912K
  class space    used 1472K, capacity 1794K, committed 1920K, reserved 1048576K
}
Event: 1.868 GC heap after
{Heap after GC invocations=3 (full 0):
 PSYoungGen      total 29696K, used 4067K [0x00000000eab00000, 0x00000000ecc00000, 0x0000000100000000)
  eden space 25600K, 0% used [0x00000000eab00000,0x00000000eab00000,0x00000000ec400000)
  from space 4096K, 99% used [0x00000000ec400000,0x00000000ec7f8d48,0x00000000ec800000)
  to   space 4096K, 0% used [0x00000000ec800000,0x00000000ec800000,0x00000000ecc00000)
 ParOldGen       total 68608K, used 8842K [0x00000000c0000000, 0x00000000c4300000, 0x00000000eab00000)
  object space 68608K, 12% used [0x00000000c0000000,0x00000000c08a2af0,0x00000000c4300000)
 Metaspace       used 14803K, capacity 15729K, committed 16000K, reserved 1062912K
  class space    used 1472K, capacity 1794K, committed 1920K, reserved 1048576K
}
Event: 2.585 GC heap before
{Heap before GC invocations=4 (full 0):
 PSYoungGen      total 29696K, used 14663K [0x00000000eab00000, 0x00000000ecc00000, 0x0000000100000000)
  eden space 25600K, 41% used [0x00000000eab00000,0x00000000eb559160,0x00000000ec400000)
  from space 4096K, 99% used [0x00000000ec400000,0x00000000ec7f8d48,0x00000000ec800000)
  to   space 4096K, 0% used [0x00000000ec800000,0x00000000ec800000,0x00000000ecc00000)
 ParOldGen       total 68608K, used 8842K [0x00000000c0000000, 0x00000000c4300000, 0x00000000eab00000)
  object space 68608K, 12% used [0x00000000c0000000,0x00000000c08a2af0,0x00000000c4300000)
 Metaspace       used 20121K, capacity 21164K, committed 21248K, reserved 1069056K
  class space    used 1869K, capacity 2222K, committed 2304K, reserved 1048576K
}
Event: 2.588 GC heap after
{Heap after GC invocations=4 (full 0):
 PSYoungGen      total 29696K, used 4068K [0x00000000eab00000, 0x00000000ecc00000, 0x0000000100000000)
  eden space 25600K, 0% used [0x00000000eab00000,0x00000000eab00000,0x00000000ec400000)
  from space 4096K, 99% used [0x00000000ec800000,0x00000000ecbf9240,0x00000000ecc00000)
  to   space 4096K, 0% used [0x00000000ec400000,0x00000000ec400000,0x00000000ec800000)
 ParOldGen       total 68608K, used 9310K [0x00000000c0000000, 0x00000000c4300000, 0x00000000eab00000)
  object space 68608K, 13% used [0x00000000c0000000,0x00000000c0917998,0x00000000c4300000)
 Metaspace       used 20121K, capacity 21164K, committed 21248K, reserved 1069056K
  class space    used 1869K, capacity 2222K, committed 2304K, reserved 1048576K
}
Event: 2.588 GC heap before
{Heap before GC invocations=5 (full 1):
 PSYoungGen      total 29696K, used 4068K [0x00000000eab00000, 0x00000000ecc00000, 0x0000000100000000)
  eden space 25600K, 0% used [0x00000000eab00000,0x00000000eab00000,0x00000000ec400000)
  from space 4096K, 99% used [0x00000000ec800000,0x00000000ecbf9240,0x00000000ecc00000)
  to   space 4096K, 0% used [0x00000000ec400000,0x00000000ec400000,0x00000000ec800000)
 ParOldGen       total 68608K, used 9310K [0x00000000c0000000, 0x00000000c4300000, 0x00000000eab00000)
  object space 68608K, 13% used [0x00000000c0000000,0x00000000c0917998,0x00000000c4300000)
 Metaspace       used 20121K, capacity 21164K, committed 21248K, reserved 1069056K
  class space    used 1869K, capacity 2222K, committed 2304K, reserved 1048576K
}
Event: 2.603 GC heap after
{Heap after GC invocations=5 (full 1):
 PSYoungGen      total 29696K, used 0K [0x00000000eab00000, 0x00000000ecc00000, 0x0000000100000000)
  eden space 25600K, 0% used [0x00000000eab00000,0x00000000eab00000,0x00000000ec400000)
  from space 4096K, 0% used [0x00000000ec800000,0x00000000ec800000,0x00000000ecc00000)
  to   space 4096K, 0% used [0x00000000ec400000,0x00000000ec400000,0x00000000ec800000)
 ParOldGen       total 68608K, used 9724K [0x00000000c0000000, 0x00000000c4300000, 0x00000000eab00000)
  object space 68608K, 14% used [0x00000000c0000000,0x00000000c097f1c8,0x00000000c4300000)
 Metaspace       used 20121K, capacity 21164K, committed 21248K, reserved 1069056K
  class space    used 1869K, capacity 2222K, committed 2304K, reserved 1048576K
}
Event: 4.183 GC heap before
{Heap before GC invocations=6 (full 1):
 PSYoungGen      total 29696K, used 25600K [0x00000000eab00000, 0x00000000ecc00000, 0x0000000100000000)
  eden space 25600K, 100% used [0x00000000eab00000,0x00000000ec400000,0x00000000ec400000)
  from space 4096K, 0% used [0x00000000ec800000,0x00000000ec800000,0x00000000ecc00000)
  to   space 4096K, 0% used [0x00000000ec400000,0x00000000ec400000,0x00000000ec800000)
 ParOldGen       total 68608K, used 9724K [0x00000000c0000000, 0x00000000c4300000, 0x00000000eab00000)
  object space 68608K, 14% used [0x00000000c0000000,0x00000000c097f1c8,0x00000000c4300000)
 Metaspace       used 24976K, capacity 26286K, committed 26624K, reserved 1073152K
  class space    used 2487K, capacity 2981K, committed 3072K, reserved 1048576K
}
Event: 4.185 GC heap after
{Heap after GC invocations=6 (full 1):
 PSYoungGen      total 28160K, used 2692K [0x00000000eab00000, 0x00000000ecb80000, 0x0000000100000000)
  eden space 25088K, 0% used [0x00000000eab00000,0x00000000eab00000,0x00000000ec380000)
  from space 3072K, 87% used [0x00000000ec400000,0x00000000ec6a1398,0x00000000ec700000)
  to   space 4096K, 0% used [0x00000000ec780000,0x00000000ec780000,0x00000000ecb80000)
 ParOldGen       total 68608K, used 9732K [0x00000000c0000000, 0x00000000c4300000, 0x00000000eab00000)
  object space 68608K, 14% used [0x00000000c0000000,0x00000000c09811c8,0x00000000c4300000)
 Metaspace       used 24976K, capacity 26286K, committed 26624K, reserved 1073152K
  class space    used 2487K, capacity 2981K, committed 3072K, reserved 1048576K
}
Event: 4.526 GC heap before
{Heap before GC invocations=7 (full 1):
 PSYoungGen      total 28160K, used 27780K [0x00000000eab00000, 0x00000000ecb80000, 0x0000000100000000)
  eden space 25088K, 100% used [0x00000000eab00000,0x00000000ec380000,0x00000000ec380000)
  from space 3072K, 87% used [0x00000000ec400000,0x00000000ec6a1398,0x00000000ec700000)
  to   space 4096K, 0% used [0x00000000ec780000,0x00000000ec780000,0x00000000ecb80000)
 ParOldGen       total 68608K, used 9732K [0x00000000c0000000, 0x00000000c4300000, 0x00000000eab00000)
  object space 68608K, 14% used [0x00000000c0000000,0x00000000c09811c8,0x00000000c4300000)
 Metaspace       used 29286K, capacity 30742K, committed 30848K, reserved 1077248K
  class space    used 3055K, capacity 3608K, committed 3712K, reserved 1048576K
}
Event: 4.528 GC heap after
{Heap after GC invocations=7 (full 1):
 PSYoungGen      total 28672K, used 3652K [0x00000000eab00000, 0x00000000ecb80000, 0x0000000100000000)
  eden space 24576K, 0% used [0x00000000eab00000,0x00000000eab00000,0x00000000ec300000)
  from space 4096K, 89% used [0x00000000ec780000,0x00000000ecb11280,0x00000000ecb80000)
  to   space 4096K, 0% used [0x00000000ec380000,0x00000000ec380000,0x00000000ec780000)
 ParOldGen       total 68608K, used 9740K [0x00000000c0000000, 0x00000000c4300000, 0x00000000eab00000)
  object space 68608K, 14% used [0x00000000c0000000,0x00000000c09831c8,0x00000000c4300000)
 Metaspace       used 29286K, capacity 30742K, committed 30848K, reserved 1077248K
  class space    used 3055K, capacity 3608K, committed 3712K, reserved 1048576K
}
Event: 5.133 GC heap before
{Heap before GC invocations=8 (full 1):
 PSYoungGen      total 28672K, used 28228K [0x00000000eab00000, 0x00000000ecb80000, 0x0000000100000000)
  eden space 24576K, 100% used [0x00000000eab00000,0x00000000ec300000,0x00000000ec300000)
  from space 4096K, 89% used [0x00000000ec780000,0x00000000ecb11280,0x00000000ecb80000)
  to   space 4096K, 0% used [0x00000000ec380000,0x00000000ec380000,0x00000000ec780000)
 ParOldGen       total 68608K, used 9740K [0x00000000c0000000, 0x00000000c4300000, 0x00000000eab00000)
  object space 68608K, 14% used [0x00000000c0000000,0x00000000c09831c8,0x00000000c4300000)
 Metaspace       used 31197K, capacity 32794K, committed 32896K, reserved 1079296K
  class space    used 3277K, capacity 3888K, committed 3968K, reserved 1048576K
}
Event: 5.136 GC heap after
{Heap after GC invocations=8 (full 1):
 PSYoungGen      total 28160K, used 4087K [0x00000000eab00000, 0x00000000ecd80000, 0x0000000100000000)
  eden space 24064K, 0% used [0x00000000eab00000,0x00000000eab00000,0x00000000ec280000)
  from space 4096K, 99% used [0x00000000ec380000,0x00000000ec77dcc8,0x00000000ec780000)
  to   space 5632K, 0% used [0x00000000ec800000,0x00000000ec800000,0x00000000ecd80000)
 ParOldGen       total 68608K, used 10888K [0x00000000c0000000, 0x00000000c4300000, 0x00000000eab00000)
  object space 68608K, 15% used [0x00000000c0000000,0x00000000c0aa2218,0x00000000c4300000)
 Metaspace       used 31197K, capacity 32794K, committed 32896K, reserved 1079296K
  class space    used 3277K, capacity 3888K, committed 3968K, reserved 1048576K
}
Event: 5.348 GC heap before
{Heap before GC invocations=9 (full 1):
 PSYoungGen      total 28160K, used 21128K [0x00000000eab00000, 0x00000000ecd80000, 0x0000000100000000)
  eden space 24064K, 70% used [0x00000000eab00000,0x00000000ebba45c8,0x00000000ec280000)
  from space 4096K, 99% used [0x00000000ec380000,0x00000000ec77dcc8,0x00000000ec780000)
  to   space 5632K, 0% used [0x00000000ec800000,0x00000000ec800000,0x00000000ecd80000)
 ParOldGen       total 68608K, used 10888K [0x00000000c0000000, 0x00000000c4300000, 0x00000000eab00000)
  object space 68608K, 15% used [0x00000000c0000000,0x00000000c0aa2218,0x00000000c4300000)
 Metaspace       used 33645K, capacity 35340K, committed 35416K, reserved 1081344K
  class space    used 3560K, capacity 4213K, committed 4224K, reserved 1048576K
}
Event: 5.352 GC heap after
{Heap after GC invocations=9 (full 1):
 PSYoungGen      total 27136K, used 5630K [0x00000000eab00000, 0x00000000ed280000, 0x0000000100000000)
  eden space 21504K, 0% used [0x00000000eab00000,0x00000000eab00000,0x00000000ec000000)
  from space 5632K, 99% used [0x00000000ec800000,0x00000000ecd7fbf0,0x00000000ecd80000)
  to   space 8192K, 0% used [0x00000000ec000000,0x00000000ec000000,0x00000000ec800000)
 ParOldGen       total 68608K, used 12853K [0x00000000c0000000, 0x00000000c4300000, 0x00000000eab00000)
  object space 68608K, 18% used [0x00000000c0000000,0x00000000c0c8d448,0x00000000c4300000)
 Metaspace       used 33645K, capacity 35340K, committed 35416K, reserved 1081344K
  class space    used 3560K, capacity 4213K, committed 4224K, reserved 1048576K
}
Event: 5.352 GC heap before
{Heap before GC invocations=10 (full 2):
 PSYoungGen      total 27136K, used 5630K [0x00000000eab00000, 0x00000000ed280000, 0x0000000100000000)
  eden space 21504K, 0% used [0x00000000eab00000,0x00000000eab00000,0x00000000ec000000)
  from space 5632K, 99% used [0x00000000ec800000,0x00000000ecd7fbf0,0x00000000ecd80000)
  to   space 8192K, 0% used [0x00000000ec000000,0x00000000ec000000,0x00000000ec800000)
 ParOldGen       total 68608K, used 12853K [0x00000000c0000000, 0x00000000c4300000, 0x00000000eab00000)
  object space 68608K, 18% used [0x00000000c0000000,0x00000000c0c8d448,0x00000000c4300000)
 Metaspace       used 33645K, capacity 35340K, committed 35416K, reserved 1081344K
  class space    used 3560K, capacity 4213K, committed 4224K, reserved 1048576K
}
Event: 5.375 GC heap after
{Heap after GC invocations=10 (full 2):
 PSYoungGen      total 27136K, used 0K [0x00000000eab00000, 0x00000000ed280000, 0x0000000100000000)
  eden space 21504K, 0% used [0x00000000eab00000,0x00000000eab00000,0x00000000ec000000)
  from space 5632K, 0% used [0x00000000ec800000,0x00000000ec800000,0x00000000ecd80000)
  to   space 8192K, 0% used [0x00000000ec000000,0x00000000ec000000,0x00000000ec800000)
 ParOldGen       total 68608K, used 16846K [0x00000000c0000000, 0x00000000c4300000, 0x00000000eab00000)
  object space 68608K, 24% used [0x00000000c0000000,0x00000000c1073af8,0x00000000c4300000)
 Metaspace       used 33645K, capacity 35340K, committed 35416K, reserved 1081344K
  class space    used 3560K, capacity 4213K, committed 4224K, reserved 1048576K
}
Event: 6.099 GC heap before
{Heap before GC invocations=11 (full 2):
 PSYoungGen      total 27136K, used 21499K [0x00000000eab00000, 0x00000000ed280000, 0x0000000100000000)
  eden space 21504K, 99% used [0x00000000eab00000,0x00000000ebffef48,0x00000000ec000000)
  from space 5632K, 0% used [0x00000000ec800000,0x00000000ec800000,0x00000000ecd80000)
  to   space 8192K, 0% used [0x00000000ec000000,0x00000000ec000000,0x00000000ec800000)
 ParOldGen       total 68608K, used 16846K [0x00000000c0000000, 0x00000000c4300000, 0x00000000eab00000)
  object space 68608K, 24% used [0x00000000c0000000,0x00000000c1073af8,0x00000000c4300000)
 Metaspace       used 40365K, capacity 42560K, committed 42840K, reserved 1087488K
  class space    used 4360K, capacity 5179K, committed 5248K, reserved 1048576K
}
Event: 6.101 GC heap after
{Heap after GC invocations=11 (full 2):
 PSYoungGen      total 24576K, used 2902K [0x00000000eab00000, 0x00000000eca00000, 0x0000000100000000)
  eden space 21504K, 0% used [0x00000000eab00000,0x00000000eab00000,0x00000000ec000000)
  from space 3072K, 94% used [0x00000000ec000000,0x00000000ec2d58c8,0x00000000ec300000)
  to   space 5120K, 0% used [0x00000000ec500000,0x00000000ec500000,0x00000000eca00000)
 ParOldGen       total 68608K, used 16854K [0x00000000c0000000, 0x00000000c4300000, 0x00000000eab00000)
  object space 68608K, 24% used [0x00000000c0000000,0x00000000c1075af8,0x00000000c4300000)
 Metaspace       used 40365K, capacity 42560K, committed 42840K, reserved 1087488K
  class space    used 4360K, capacity 5179K, committed 5248K, reserved 1048576K
}
Event: 6.321 GC heap before
{Heap before GC invocations=12 (full 2):
 PSYoungGen      total 24576K, used 24406K [0x00000000eab00000, 0x00000000eca00000, 0x0000000100000000)
  eden space 21504K, 100% used [0x00000000eab00000,0x00000000ec000000,0x00000000ec000000)
  from space 3072K, 94% used [0x00000000ec000000,0x00000000ec2d58c8,0x00000000ec300000)
  to   space 5120K, 0% used [0x00000000ec500000,0x00000000ec500000,0x00000000eca00000)
 ParOldGen       total 68608K, used 16854K [0x00000000c0000000, 0x00000000c4300000, 0x00000000eab00000)
  object space 68608K, 24% used [0x00000000c0000000,0x00000000c1075af8,0x00000000c4300000)
 Metaspace       used 42028K, capacity 44245K, committed 44376K, reserved 1087488K
  class space    used 4577K, capacity 5377K, committed 5504K, reserved 1048576K
}
Event: 6.323 GC heap after
{Heap after GC invocations=12 (full 2):
 PSYoungGen      total 25600K, used 3590K [0x00000000eab00000, 0x00000000ec900000, 0x0000000100000000)
  eden space 21504K, 0% used [0x00000000eab00000,0x00000000eab00000,0x00000000ec000000)
  from space 4096K, 87% used [0x00000000ec500000,0x00000000ec881ad0,0x00000000ec900000)
  to   space 4096K, 0% used [0x00000000ec100000,0x00000000ec100000,0x00000000ec500000)
 ParOldGen       total 68608K, used 16862K [0x00000000c0000000, 0x00000000c4300000, 0x00000000eab00000)
  object space 68608K, 24% used [0x00000000c0000000,0x00000000c1077af8,0x00000000c4300000)
 Metaspace       used 42028K, capacity 44245K, committed 44376K, reserved 1087488K
  class space    used 4577K, capacity 5377K, committed 5504K, reserved 1048576K
}

